[32minfo[39m:    redisUrl not found. A fake redis instance will be used.
[32minfo[39m:    Executing script at ./src/scripts/seed-from-backup.ts...
[32minfo[39m:    redisUrl not found. A fake redis instance will be used.
[32minfo[39m:    No link to load from /Users/filippoferrari/Documents/LearningMEDUSA/learning-medusa/node_modules/@medusajs/draft-order/.medusa/server/src/links. skipped.
[33mwarn[39m:    Local Event Bus installed. This is not recommended for production.
[32minfo[39m:    Locking module: Using "in-memory" as default.
[32minfo[39m:    No workflow to load from /Users/filippoferrari/Documents/LearningMEDUSA/learning-medusa/node_modules/@medusajs/draft-order/.medusa/server/src/workflows. skipped.
[32minfo[39m:    🔄 Iniciando população do banco com dados do backup...
[32minfo[39m:    📦 Criando 30 serviços mestres...
[32minfo[39m:       ✔ Mecânica geral
[32minfo[39m:       ✔ Auto elétrica
[32minfo[39m:       ✔ Ar-condicionado automotivo
[32minfo[39m:       ✔ Injeção eletrônica
[32minfo[39m:       ✔ Freios e suspensão
[32minfo[39m:       ✔ Alinhamento e balanceamento
[32minfo[39m:       ✔ Troca de óleo e filtros
[32minfo[39m:       ✔ Serviços de motor e câmbio
[32minfo[39m:       ✔ Revisões Preventivas
[32minfo[39m:       ✔ Diagnóstico eletrônico
[32minfo[39m:       ✔ Funilaria e pintura
[32minfo[39m:       ✔ Martelinho de ouro
[32minfo[39m:       ✔ Serviços para carros antigos (restauração)
[32minfo[39m:       ✔ Oficina especializada em carros nacionais
[32minfo[39m:       ✔ Oficina especializada em carros importados
[32minfo[39m:       ✔ Oficina especializada em pick-ups e utilitários
[32minfo[39m:       ✔ Oficina especializada em SUVs e 4x4
[32minfo[39m:       ✔ Oficina especializada em veículos premium ou de luxo
[32minfo[39m:       ✔ Performance/tuning
[32minfo[39m:       ✔ Instalação de acessórios
[32minfo[39m:       ✔ Serviços de escapamento
[32minfo[39m:       ✔ Serviços de direção hidráulica/elétrica
[32minfo[39m:       ✔ Troca de correia dentada e correias auxiliares
[32minfo[39m:       ✔ Revisão para venda/compra de veículo
[32minfo[39m:       ✔ Lavagem técnica e estética automotiva
[32minfo[39m:       ✔ Blindagem e manutenção de veículos blindados
[32minfo[39m:       ✔ Sistema de arrefecimento (radiador e bomba d’água)
[32minfo[39m:       ✔ Sistema de Embreagem
[32minfo[39m:       ✔ Lava Rapido (externo e/ou interno)
[32minfo[39m:       ✔ Alinhamento simples
[32minfo[39m:    
🏪 Criando 15 oficinas...
[31merror[39m:   Error running script
[31merror[39m:   Product "Troca de correia dentada e correias auxiliares - Mega Car" has variants with missing options: [Default]
MedusaError: Product "Troca de correia dentada e correias auxiliares - Mega Car" has variants with missing options: [Default]
    at ProductModuleService.validateProductCreatePayload (/Users/filippoferrari/Documents/LearningMEDUSA/learning-medusa/node_modules/@medusajs/product/src/services/product-module-service.ts:1839:13)
    at ProductModuleService.createProducts_ (/Users/filippoferrari/Documents/LearningMEDUSA/learning-medusa/node_modules/@medusajs/product/src/services/product-module-service.ts:1570:12)
    at processTicksAndRejections (node:internal/process/task_queues:95:5)
    at async transaction.transaction (/Users/filippoferrari/Documents/LearningMEDUSA/learning-medusa/node_modules/@medusajs/utils/src/modules-sdk/decorators/inject-transaction-manager.ts:63:18)
    at async fork.getConnection.transactional (/Users/filippoferrari/Documents/LearningMEDUSA/learning-medusa/node_modules/@mikro-orm/core/EntityManager.js:954:29)
    at async PostgreSqlConnection.transactional (/Users/filippoferrari/Documents/LearningMEDUSA/learning-medusa/node_modules/@mikro-orm/knex/AbstractSqlConnection.js:58:25)
    at async transactionWrapper (/Users/filippoferrari/Documents/LearningMEDUSA/learning-medusa/node_modules/@medusajs/utils/src/dal/utils.ts:30:10)
    at async MikroOrmBaseRepository.transaction (/Users/filippoferrari/Documents/LearningMEDUSA/learning-medusa/node_modules/@medusajs/utils/src/dal/mikro-orm/mikro-orm-repository.ts:68:12)
    at async ProductModuleService.descriptor.value (/Users/filippoferrari/Documents/LearningMEDUSA/learning-medusa/node_modules/@medusajs/utils/src/modules-sdk/decorators/inject-transaction-manager.ts:31:14)
    at async ProductModuleService.createProducts (/Users/filippoferrari/Documents/LearningMEDUSA/learning-medusa/node_modules/@medusajs/product/src/services/product-module-service.ts:1460:22) {
  __isMedusaError: true,
  type: 'invalid_data',
  code: undefined,
  date: 2025-10-17T14:37:41.306Z
}
